0 silly argv {
0 silly argv   _: [ 'run' ],
0 silly argv   lernaVersion: '4.0.0',
0 silly argv   '$0': '/Users/nickolascasalinuovo/Desktop/DAOverse/Scott Clarke/web3-react/node_modules/.bin/lerna',
0 silly argv   script: 'build'
0 silly argv }
1 notice cli v4.0.0
2 verbose rootPath /Users/nickolascasalinuovo/Desktop/DAOverse/Scott Clarke/web3-react
3 info versioning independent
4 error JSONError: Unexpected token "<" (0x3C) in JSON at position 584 while parsing near "...  \"dependencies\": {\n<<<<<<< HEAD\n    \"@w..." in packages/coinbase-wallet/package.json
4 error
4 error [0m [90m 25 |[39m   }[33m,[39m[0m
4 error [0m [90m 26 |[39m   [32m"dependencies"[39m[33m:[39m {[0m
4 error [0m[31m[1m>[22m[39m[90m 27 |[39m [33m<<[39m[33m<<[39m[33m<<[39m[33m<[39m [33mHEAD[39m[0m
4 error [0m [90m    |[39m [31m[1m^[22m[39m[0m
4 error [0m [90m 28 |[39m     [32m"@web3-react/magic-connector"[39m[33m:[39m [32m"^6.1.9"[39m[33m,[39m[0m
4 error [0m [90m 29 |[39m     [32m"@web3-react/types"[39m[33m:[39m [32m"^8.0.17-beta.0"[39m[33m,[39m[0m
4 error [0m [90m 30 |[39m     [32m"@web3-react/walletconnect-connector"[39m[33m:[39m [32m"^6.2.13"[39m[0m
4 error
4 error     at parseJson (/Users/nickolascasalinuovo/Desktop/DAOverse/Scott Clarke/web3-react/node_modules/parse-json/index.js:29:21)
4 error     at parse (/Users/nickolascasalinuovo/Desktop/DAOverse/Scott Clarke/web3-react/node_modules/load-json-file/index.js:15:9)
4 error     at module.exports (/Users/nickolascasalinuovo/Desktop/DAOverse/Scott Clarke/web3-react/node_modules/load-json-file/index.js:18:47)
